<?xml version="1.0" encoding="UTF-8"?>
<!-- Generated by org.testng.reporters.JUnitXMLReporter -->
<testsuite ignored="0" hostname="ZC-Dakshita-Dhaundiyals-MacBook-Pro.local" failures="0" tests="3" name="Default test" time="39.051" errors="0" timestamp="2022-02-12T21:41:44 IST">
  <testcase classname="com.miro.signup.SignUpNegativeTest" name="emptyUsernameTest" time="17.58"/>
  <testcase classname="com.miro.signup.SignUpNegativeTest" name="incorrectEmailTest" time="11.082"/>
  <testcase classname="com.miro.signup.SignUpNegativeTest" name="incorrectPasswordTest" time="10.334"/>
</testsuite> <!-- Default test -->
